[2025-12-13 16:16:20] [INFO] [SYSTEM] SERVER: Starting server initialization
[2025-12-13 16:16:21] [INFO] [SYSTEM] SERVER: Database connected successfully
[2025-12-13 16:16:21] [ERROR] [SYSTEM] SERVER: Socket bind failed
[2025-12-13 16:16:32] [INFO] [SYSTEM] SERVER: Starting server initialization
[2025-12-13 16:16:32] [INFO] [SYSTEM] SERVER: Database connected successfully
[2025-12-13 16:16:32] [INFO] [SYSTEM] SERVER: Server initialized and listening on port 8888
[2025-12-13 16:16:32] [INFO] [SYSTEM] SERVER: Exam server started successfully
[2025-12-13 16:16:47] [INFO] [SYSTEM] CONNECTION: New connection from 127.0.0.1:33112
[2025-12-13 16:30:58] [INFO] [quan] DISCONNECT: Client socket 6 disconnected
[2025-12-13 16:30:58] [INFO] [quan] DISCONNECT: Session destroyed
[2025-12-13 18:23:53] [INFO] [SYSTEM] SERVER: Starting server initialization
[2025-12-13 18:23:53] [INFO] [SYSTEM] SERVER: Database connected successfully
[2025-12-13 18:23:53] [INFO] [SYSTEM] SERVER: Server initialized and listening on port 8888
[2025-12-13 18:23:53] [INFO] [SYSTEM] SERVER: Exam server started successfully
[2025-12-13 18:24:05] [INFO] [SYSTEM] CONNECTION: New connection from 127.0.0.1:59146
[2025-12-13 18:24:07] [WARNING] [quan] BAD_COMMAND: Unknown command: QUIT
[2025-12-13 18:24:11] [INFO] [quan] DISCONNECT: Client socket 6 disconnected
[2025-12-13 18:24:11] [INFO] [quan] DISCONNECT: Session destroyed
[2025-12-13 18:24:11] [INFO] [SYSTEM] CONNECTION: New connection from 127.0.0.1:59150
[2025-12-13 18:24:12] [WARNING] [quan] BAD_COMMAND: Unknown command: QUIT
[2025-12-13 18:24:14] [INFO] [quan] DISCONNECT: Client socket 7 disconnected
[2025-12-13 18:24:14] [INFO] [quan] DISCONNECT: Session destroyed
[2025-12-13 18:24:20] [INFO] [SYSTEM] CONNECTION: New connection from 127.0.0.1:42420
[2025-12-13 18:24:23] [INFO] [quan] DISCONNECT: Client socket 6 disconnected
[2025-12-13 18:24:23] [INFO] [quan] DISCONNECT: Session destroyed
[2025-12-13 18:24:36] [INFO] [SYSTEM] CONNECTION: New connection from 127.0.0.1:48432
[2025-12-13 18:24:39] [INFO] [quan] DISCONNECT: Client socket 7 disconnected
[2025-12-13 18:24:39] [INFO] [quan] DISCONNECT: Session destroyed
[2025-12-13 18:24:50] [INFO] [SYSTEM] CONNECTION: New connection from 127.0.0.1:53302
[2025-12-13 18:24:53] [INFO] [quan] DISCONNECT: Client socket 6 disconnected
[2025-12-13 18:24:53] [INFO] [quan] DISCONNECT: Session destroyed
[2025-12-13 18:25:01] [INFO] [SYSTEM] CONNECTION: New connection from 127.0.0.1:45884
[2025-12-13 18:25:04] [INFO] [quan] DISCONNECT: Client socket 7 disconnected
[2025-12-13 18:25:04] [INFO] [quan] DISCONNECT: Session destroyed
[2025-12-13 18:25:12] [INFO] [SYSTEM] CONNECTION: New connection from 127.0.0.1:44536
[2025-12-13 18:25:15] [INFO] [quan] DISCONNECT: Client socket 6 disconnected
[2025-12-13 18:25:15] [INFO] [quan] DISCONNECT: Session destroyed
[2025-12-13 18:25:21] [INFO] [SYSTEM] CONNECTION: New connection from 127.0.0.1:59426
[2025-12-13 18:25:24] [INFO] [quan] DISCONNECT: Client socket 7 disconnected
[2025-12-13 18:25:24] [INFO] [quan] DISCONNECT: Session destroyed
[2025-12-13 18:25:30] [INFO] [SYSTEM] CONNECTION: New connection from 127.0.0.1:46566
[2025-12-13 18:25:33] [INFO] [anonymous] DISCONNECT: Client socket 6 disconnected
[2025-12-13 18:25:48] [INFO] [SYSTEM] CONNECTION: New connection from 127.0.0.1:53578
[2025-12-13 18:25:53] [INFO] [quan] DISCONNECT: Client socket 7 disconnected
[2025-12-13 18:25:53] [INFO] [quan] DISCONNECT: Session destroyed
[2025-12-15 00:54:12] [INFO] [SYSTEM] SERVER: Starting server initialization
[2025-12-15 00:54:12] [INFO] [SYSTEM] SERVER: Database connected successfully
[2025-12-15 00:54:12] [INFO] [SYSTEM] SERVER: Server initialized and listening on port 8888
[2025-12-15 00:54:12] [INFO] [SYSTEM] SERVER: Exam server started successfully
[2025-12-15 00:54:18] [INFO] [SYSTEM] CONNECTION: New connection from 127.0.0.1:37944
[2025-12-15 00:55:00] [INFO] [SYSTEM] SERVER: Starting server initialization
[2025-12-15 00:55:00] [INFO] [SYSTEM] SERVER: Database connected successfully
[2025-12-15 00:55:00] [INFO] [SYSTEM] SERVER: Server initialized and listening on port 8888
[2025-12-15 00:55:00] [INFO] [SYSTEM] SERVER: Exam server started successfully
[2025-12-15 00:55:04] [INFO] [SYSTEM] CONNECTION: New connection from 127.0.0.1:48390
[2025-12-15 00:55:28] [INFO] [sang2] DISCONNECT: Client socket 6 disconnected
[2025-12-15 00:55:28] [INFO] [sang2] DISCONNECT: Session destroyed
[2025-12-15 01:09:41] [INFO] [SYSTEM] SERVER: Starting server initialization
[2025-12-15 01:09:41] [INFO] [SYSTEM] SERVER: Database connected successfully
[2025-12-15 01:09:41] [INFO] [SYSTEM] SERVER: Server initialized and listening on port 8888
[2025-12-15 01:09:41] [INFO] [SYSTEM] SERVER: Exam server started successfully
[2025-12-15 01:09:49] [INFO] [SYSTEM] CONNECTION: New connection from 127.0.0.1:40600
[2025-12-15 01:11:53] [INFO] [sang2] DISCONNECT: Client socket 6 disconnected
[2025-12-15 01:11:53] [INFO] [sang2] DISCONNECT: Session destroyed
[2025-12-19 22:41:21] [INFO] [SYSTEM] SERVER: Starting server initialization
[2025-12-19 22:41:21] [INFO] [SYSTEM] SERVER: Database connected successfully
[2025-12-19 22:41:21] [ERROR] [SYSTEM] SERVER: Socket bind failed
[2025-12-19 22:41:47] [INFO] [SYSTEM] SERVER: Starting server initialization
[2025-12-19 22:41:47] [INFO] [SYSTEM] SERVER: Database connected successfully
[2025-12-19 22:41:47] [INFO] [SYSTEM] SERVER: Server initialized and listening on port 8888
[2025-12-19 22:41:47] [INFO] [SYSTEM] SERVER: Exam server started successfully
[2025-12-19 22:42:14] [INFO] [SYSTEM] CONNECTION: New connection from 127.0.0.1:34064
[2025-12-19 22:44:31] [INFO] [anonymous] DISCONNECT: Client socket 6 disconnected
[2025-12-19 22:45:00] [INFO] [SYSTEM] CONNECTION: New connection from 127.0.0.1:59654
[2025-12-19 22:45:21] [INFO] [anonymous] DISCONNECT: Client socket 7 disconnected
[2025-12-19 22:45:37] [INFO] [SYSTEM] CONNECTION: New connection from 127.0.0.1:40456
[2025-12-19 22:46:30] [INFO] [anonymous] DISCONNECT: Client socket 6 disconnected
[2025-12-19 22:46:55] [INFO] [SYSTEM] CONNECTION: New connection from 127.0.0.1:58048
[2025-12-19 22:47:09] [INFO] [anonymous] DISCONNECT: Client socket 7 disconnected
[2025-12-19 22:48:30] [INFO] [SYSTEM] SERVER: Starting server initialization
[2025-12-19 22:48:30] [INFO] [SYSTEM] SERVER: Database connected successfully
[2025-12-19 22:48:30] [INFO] [SYSTEM] SERVER: Server initialized and listening on port 8888
[2025-12-19 22:48:30] [INFO] [SYSTEM] SERVER: Exam server started successfully
[2025-12-19 22:49:00] [INFO] [SYSTEM] SERVER: Starting server initialization
[2025-12-19 22:49:00] [INFO] [SYSTEM] SERVER: Database connected successfully
[2025-12-19 22:49:00] [ERROR] [SYSTEM] SERVER: Socket bind failed
[2025-12-19 22:49:12] [INFO] [SYSTEM] SERVER: Starting server initialization
[2025-12-19 22:49:12] [INFO] [SYSTEM] SERVER: Database connected successfully
[2025-12-19 22:49:12] [ERROR] [SYSTEM] SERVER: Socket bind failed
[2025-12-19 22:49:26] [INFO] [SYSTEM] CONNECTION: New connection from 127.0.0.1:37786
[2025-12-19 22:50:17] [INFO] [san] DISCONNECT: Client socket 6 disconnected
[2025-12-19 22:50:17] [INFO] [san] DISCONNECT: Session destroyed
[2025-12-19 22:52:52] [INFO] [SYSTEM] CONNECTION: New connection from 127.0.0.1:33916
[2025-12-19 22:53:12] [INFO] [anonymous] DISCONNECT: Client socket 7 disconnected
[2025-12-19 22:53:31] [INFO] [SYSTEM] CONNECTION: New connection from 127.0.0.1:55474
[2025-12-19 22:53:39] [INFO] [testuser_nav] DISCONNECT: Client socket 6 disconnected
[2025-12-19 22:53:39] [INFO] [testuser_nav] DISCONNECT: Session destroyed
[2025-12-19 22:55:37] [INFO] [SYSTEM] CONNECTION: New connection from 127.0.0.1:60562
[2025-12-19 22:56:07] [INFO] [creator_full_test] DISCONNECT: Client socket 7 disconnected
[2025-12-19 22:56:07] [INFO] [creator_full_test] DISCONNECT: Session destroyed
[2025-12-19 22:56:18] [INFO] [SYSTEM] CONNECTION: New connection from 127.0.0.1:54630
[2025-12-19 22:56:48] [INFO] [creator_full_test] DISCONNECT: Client socket 6 disconnected
[2025-12-19 22:56:48] [INFO] [creator_full_test] DISCONNECT: Session destroyed
[2025-12-19 22:57:39] [INFO] [SYSTEM] CONNECTION: New connection from 127.0.0.1:41126
[2025-12-19 22:59:29] [INFO] [SYSTEM] SERVER: Starting server initialization
[2025-12-19 22:59:29] [INFO] [SYSTEM] SERVER: Database connected successfully
[2025-12-19 22:59:29] [INFO] [SYSTEM] SERVER: Server initialized and listening on port 8888
[2025-12-19 22:59:29] [INFO] [SYSTEM] SERVER: Exam server started successfully
[2025-12-19 22:59:43] [INFO] [SYSTEM] CONNECTION: New connection from 127.0.0.1:34828
[2025-12-19 22:59:53] [INFO] [anonymous] DISCONNECT: Client socket 6 disconnected
[2025-12-19 23:00:18] [INFO] [SYSTEM] CONNECTION: New connection from 127.0.0.1:33696
[2025-12-19 23:00:29] [INFO] [anonymous] DISCONNECT: Client socket 7 disconnected
[2025-12-19 23:07:49] [INFO] [SYSTEM] SERVER: Starting server initialization
[2025-12-19 23:07:49] [INFO] [SYSTEM] SERVER: Database connected successfully
[2025-12-19 23:07:49] [INFO] [SYSTEM] SERVER: Server initialized and listening on port 8888
[2025-12-19 23:07:49] [INFO] [SYSTEM] SERVER: Exam server started successfully
[2025-12-19 23:08:03] [INFO] [SYSTEM] CONNECTION: New connection from 127.0.0.1:38952
[2025-12-19 23:23:06] [INFO] [SYSTEM] SERVER: Starting server initialization
[2025-12-19 23:23:06] [INFO] [SYSTEM] SERVER: Database connected successfully
[2025-12-19 23:23:06] [INFO] [SYSTEM] SERVER: Server initialized and listening on port 8888
[2025-12-19 23:23:06] [INFO] [SYSTEM] SERVER: Exam server started successfully
[2025-12-19 23:33:18] [INFO] [SYSTEM] SERVER: Starting server initialization
[2025-12-19 23:33:18] [INFO] [SYSTEM] SERVER: Database connected successfully
[2025-12-19 23:33:18] [INFO] [SYSTEM] SERVER: Server initialized and listening on port 8888
[2025-12-19 23:33:18] [INFO] [SYSTEM] SERVER: Exam server started successfully
[2025-12-19 23:35:36] [INFO] [SYSTEM] SERVER: Starting server initialization
[2025-12-19 23:35:36] [INFO] [SYSTEM] SERVER: Database connected successfully
[2025-12-19 23:35:36] [ERROR] [SYSTEM] SERVER: Socket bind failed
[2025-12-19 23:35:44] [INFO] [SYSTEM] SERVER: Starting server initialization
[2025-12-19 23:35:44] [INFO] [SYSTEM] SERVER: Database connected successfully
[2025-12-19 23:35:44] [INFO] [SYSTEM] SERVER: Server initialized and listening on port 8888
[2025-12-19 23:35:44] [INFO] [SYSTEM] SERVER: Exam server started successfully
[2025-12-19 23:37:15] [INFO] [SYSTEM] SERVER: Starting server initialization
[2025-12-19 23:37:15] [INFO] [SYSTEM] SERVER: Database connected successfully
[2025-12-19 23:37:15] [INFO] [SYSTEM] SERVER: Server initialized and listening on port 8888
[2025-12-19 23:37:15] [INFO] [SYSTEM] SERVER: Exam server started successfully
[2025-12-19 23:38:35] [INFO] [SYSTEM] SERVER: Starting server initialization
[2025-12-19 23:38:35] [INFO] [SYSTEM] SERVER: Database connected successfully
[2025-12-19 23:38:35] [INFO] [SYSTEM] SERVER: Server initialized and listening on port 8888
[2025-12-19 23:38:35] [INFO] [SYSTEM] SERVER: Exam server started successfully
[2025-12-19 23:38:37] [INFO] [SYSTEM] CONNECTION: New connection from 127.0.0.1:34946
[2025-12-19 23:38:37] [WARNING] [anonymous] BAD_COMMAND: Unknown command: 100
[2025-12-19 23:38:37] [WARNING] [anonymous] BAD_COMMAND: Unknown command: 110
[2025-12-19 23:38:37] [WARNING] [anonymous] BAD_COMMAND: Unknown command: 120
[2025-12-19 23:38:37] [WARNING] [anonymous] BAD_COMMAND: Unknown command: 121
[2025-12-19 23:38:37] [INFO] [anonymous] DISCONNECT: Client socket 6 disconnected
[2025-12-19 23:39:29] [INFO] [SYSTEM] CONNECTION: New connection from 127.0.0.1:44428
[2025-12-19 23:39:29] [WARNING] [anonymous] BAD_COMMAND: Unknown command: 100
[2025-12-19 23:39:29] [WARNING] [anonymous] BAD_COMMAND: Unknown command: 110
[2025-12-19 23:39:29] [WARNING] [anonymous] BAD_COMMAND: Unknown command: 120
[2025-12-19 23:39:29] [WARNING] [anonymous] BAD_COMMAND: Unknown command: 121
[2025-12-19 23:39:30] [INFO] [anonymous] DISCONNECT: Client socket 7 disconnected
[2025-12-19 23:40:27] [INFO] [SYSTEM] CONNECTION: New connection from 127.0.0.1:53100
[2025-12-19 23:40:27] [WARNING] [anonymous] BAD_COMMAND: Unknown command: 100
[2025-12-19 23:40:27] [WARNING] [anonymous] BAD_COMMAND: Unknown command: 110
[2025-12-19 23:40:28] [INFO] [anonymous] DISCONNECT: Client socket 6 disconnected
[2025-12-19 23:41:00] [INFO] [SYSTEM] CONNECTION: New connection from 127.0.0.1:43918
[2025-12-19 23:41:01] [INFO] [anonymous] DISCONNECT: Client socket 7 disconnected
[2025-12-19 23:41:29] [INFO] [SYSTEM] CONNECTION: New connection from 127.0.0.1:37810
[2025-12-19 23:41:30] [INFO] [testuser] DISCONNECT: Client socket 6 disconnected
[2025-12-19 23:41:30] [INFO] [testuser] DISCONNECT: Session destroyed
[2025-12-19 23:42:23] [INFO] [SYSTEM] SERVER: Starting server initialization
[2025-12-19 23:42:23] [INFO] [SYSTEM] SERVER: Database connected successfully
[2025-12-19 23:42:23] [INFO] [SYSTEM] SERVER: Server initialized and listening on port 8888
[2025-12-19 23:42:23] [INFO] [SYSTEM] SERVER: Exam server started successfully
[2025-12-19 23:42:25] [INFO] [SYSTEM] CONNECTION: New connection from 127.0.0.1:50870
[2025-12-19 23:42:26] [INFO] [testuser] DISCONNECT: Client socket 6 disconnected
[2025-12-19 23:42:26] [INFO] [testuser] DISCONNECT: Session destroyed
